\BOOKMARK [1][-]{section*.1}{\376\377\000C\000A\000P\000\315\000T\000U\000L\000O\000\040\000I}{}% 1
\BOOKMARK [1][-]{section.1}{\376\377\000I\000n\000f\000o\000r\000m\000a\000c\000i\000\363\000n\000\040\000d\000e\000\040\000l\000a\000\040\000e\000m\000p\000r\000e\000s\000a}{}% 2
\BOOKMARK [2][-]{subsection.1.1}{\376\377\000R\000a\000z\000\363\000n\000\040\000s\000o\000c\000i\000a\000l}{section.1}% 3
\BOOKMARK [2][-]{subsection.1.2}{\376\377\000M\000i\000s\000i\000\363\000n\000,\000\040\000V\000i\000s\000i\000\363\000n\000,\000\040\000O\000b\000j\000e\000t\000i\000v\000o\000s\000,\000\040\000V\000a\000l\000o\000r\000e\000s\000\040\000d\000e\000\040\000l\000a\000\040\000e\000m\000p\000r\000e\000s\000a}{section.1}% 4
\BOOKMARK [3][-]{subsubsection.1.2.1}{\376\377\000M\000i\000s\000i\000\363\000n}{subsection.1.2}% 5
\BOOKMARK [3][-]{subsubsection.1.2.2}{\376\377\000V\000i\000s\000i\000\363\000n}{subsection.1.2}% 6
\BOOKMARK [3][-]{subsubsection.1.2.3}{\376\377\000O\000b\000j\000e\000t\000i\000v\000o\000\040\000g\000e\000n\000e\000r\000a\000l}{subsection.1.2}% 7
\BOOKMARK [3][-]{subsubsection.1.2.4}{\376\377\000V\000a\000l\000o\000r\000e\000s}{subsection.1.2}% 8
\BOOKMARK [2][-]{subsection.1.3}{\376\377\000S\000e\000r\000v\000i\000c\000i\000o\000s\000,\000\040\000m\000e\000r\000c\000a\000d\000o\000,\000\040\000c\000l\000i\000e\000n\000t\000e\000s}{section.1}% 9
\BOOKMARK [3][-]{subsubsection.1.3.1}{\376\377\000S\000e\000r\000v\000i\000c\000i\000o\000s}{subsection.1.3}% 10
\BOOKMARK [3][-]{subsubsection.1.3.2}{\376\377\000M\000e\000r\000c\000a\000d\000o}{subsection.1.3}% 11
\BOOKMARK [3][-]{subsubsection.1.3.3}{\376\377\000C\000l\000i\000e\000n\000t\000e\000s}{subsection.1.3}% 12
\BOOKMARK [2][-]{subsection.1.4}{\376\377\000E\000s\000t\000r\000u\000c\000t\000u\000r\000a\000\040\000d\000e\000\040\000l\000a\000\040\000O\000r\000g\000a\000n\000i\000z\000a\000c\000i\000\363\000n}{section.1}% 13
\BOOKMARK [2][-]{subsection.1.5}{\376\377\000O\000t\000r\000a\000\040\000i\000n\000f\000o\000r\000m\000a\000c\000i\000\363\000n\000\040\000r\000e\000l\000e\000v\000a\000n\000t\000e\000\040\000d\000e\000\040\000l\000a\000\040\000e\000m\000p\000r\000e\000s\000a\000\040\000d\000o\000n\000d\000e\000\040\000s\000e\000\040\000d\000e\000s\000a\000r\000r\000o\000l\000l\000a\000\040\000e\000l\000\040\000p\000r\000o\000y\000e\000c\000t\000o}{section.1}% 14
\BOOKMARK [1][-]{subsection.1.5}{\376\377\000C\000A\000P\000\315\000T\000U\000L\000O\000\040\000I\000I}{}% 15
\BOOKMARK [1][-]{section.2}{\376\377\000F\000u\000n\000d\000a\000m\000e\000n\000t\000a\000c\000i\000\363\000n\000\040\000d\000e\000l\000\040\000p\000r\000o\000y\000e\000c\000t\000o}{}% 16
\BOOKMARK [2][-]{subsection.2.1}{\376\377\000I\000d\000e\000n\000t\000i\000f\000i\000c\000a\000c\000i\000\363\000n\000\040\000d\000e\000l\000\040\000p\000r\000o\000b\000l\000e\000m\000a\000\040\000t\000\351\000c\000n\000i\000c\000o\000\040\000e\000n\000\040\000l\000a\000\040\000e\000m\000p\000r\000e\000s\000a}{section.2}% 17
\BOOKMARK [2][-]{subsection.2.2}{\376\377\000O\000b\000j\000e\000t\000i\000v\000o\000s\000\040\000d\000e\000l\000\040\000P\000r\000o\000y\000e\000c\000t\000o\000\040\000d\000e\000\040\000I\000n\000n\000o\000v\000a\000c\000i\000\363\000n}{section.2}% 18
\BOOKMARK [3][-]{subsubsection.2.2.1}{\376\377\000O\000b\000j\000e\000t\000i\000v\000o\000\040\000G\000e\000n\000e\000r\000a\000l}{subsection.2.2}% 19
\BOOKMARK [3][-]{subsubsection.2.2.2}{\376\377\000O\000b\000j\000e\000t\000i\000v\000o\000s\000\040\000E\000s\000p\000e\000c\000\355\000f\000i\000c\000o\000s}{subsection.2.2}% 20
\BOOKMARK [3][-]{subsubsection.2.2.3}{\376\377\000O\000b\000j\000e\000t\000i\000v\000o\000s\000\040\000O\000p\000e\000r\000a\000t\000i\000v\000o\000s}{subsection.2.2}% 21
\BOOKMARK [2][-]{subsection.2.3}{\376\377\000A\000n\000t\000e\000c\000e\000d\000e\000n\000t\000e\000s\000\040\000d\000e\000l\000\040\000P\000r\000o\000y\000e\000c\000t\000o\000\040\000d\000e\000\040\000I\000n\000n\000o\000v\000a\000c\000i\000\363\000n\000\040\000y\000/\000o\000\040\000M\000e\000j\000o\000r\000a}{section.2}% 22
\BOOKMARK [3][-]{subsubsection.2.3.1}{\376\377\000L\000o\000c\000a\000l\000e\000s}{subsection.2.3}% 23
\BOOKMARK [3][-]{subsubsection.2.3.2}{\376\377\000N\000a\000c\000i\000o\000n\000a\000l\000e\000s}{subsection.2.3}% 24
\BOOKMARK [3][-]{subsubsection.2.3.3}{\376\377\000I\000n\000t\000e\000r\000n\000a\000c\000i\000o\000n\000a\000l\000e\000s}{subsection.2.3}% 25
\BOOKMARK [2][-]{subsection.2.4}{\376\377\000J\000u\000s\000t\000i\000f\000i\000c\000a\000c\000i\000\363\000n\000\040\000d\000e\000l\000\040\000P\000r\000o\000y\000e\000c\000t\000o\000\040\000d\000e\000\040\000I\000n\000n\000o\000v\000a\000c\000i\000\363\000n\000\040\000y\000/\000o\000\040\000M\000e\000j\000o\000r\000a}{section.2}% 26
\BOOKMARK [3][-]{subsubsection.2.4.1}{\376\377\000J\000u\000s\000t\000i\000f\000i\000c\000a\000c\000i\000\363\000n\000\040\000s\000o\000c\000i\000a\000l}{subsection.2.4}% 27
\BOOKMARK [3][-]{subsubsection.2.4.2}{\376\377\000J\000u\000s\000t\000i\000f\000i\000c\000a\000c\000i\000\363\000n\000\040\000e\000c\000o\000n\000\363\000m\000i\000c\000a}{subsection.2.4}% 28
\BOOKMARK [3][-]{subsubsection.2.4.3}{\376\377\000J\000u\000s\000t\000i\000f\000i\000c\000a\000c\000i\000\363\000n\000\040\000t\000e\000c\000n\000o\000l\000\363\000g\000i\000c\000a}{subsection.2.4}% 29
\BOOKMARK [2][-]{subsection.2.5}{\376\377\000M\000a\000r\000c\000o\000\040\000T\000e\000\363\000r\000i\000c\000o\000\040\000y\000\040\000C\000o\000n\000c\000e\000p\000t\000u\000a\000l}{section.2}% 30
\BOOKMARK [3][-]{subsubsection.2.5.1}{\376\377\000F\000u\000n\000d\000a\000m\000e\000n\000t\000o\000\040\000t\000e\000\363\000r\000i\000c\000o\000\040\000d\000e\000l\000\040\000P\000r\000o\000y\000e\000c\000t\000o\000\040\000d\000e\000\040\000I\000n\000n\000o\000v\000a\000c\000i\000\363\000n\000\040\000y\000\040\000M\000e\000j\000o\000r\000a}{subsection.2.5}% 31
\BOOKMARK [3][-]{subsubsection.2.5.2}{\376\377\000C\000o\000n\000c\000e\000p\000t\000o\000s\000\040\000y\000\040\000t\000\351\000r\000m\000i\000n\000o\000s\000\040\000u\000t\000i\000l\000i\000z\000a\000d\000o\000s}{subsection.2.5}% 32
\BOOKMARK [1][-]{section.3}{\376\377\000R\000e\000f\000e\000r\000e\000n\000c\000i\000a\000s\000\040\000B\000i\000b\000l\000i\000o\000g\000r\000\341\000f\000i\000c\000a\000s}{}% 33
\BOOKMARK [1][-]{section.3}{\376\377\000R\000e\000f\000e\000r\000e\000n\000c\000i\000a\000s\000\040\000B\000i\000b\000l\000i\000o\000g\000r\000\341\000f\000i\000c\000a\000s}{}% 34
\BOOKMARK [1][-]{section.4}{\376\377\000R\000e\000f\000e\000r\000e\000n\000c\000i\000a\000s}{}% 35
\BOOKMARK [1][-]{section.5}{\376\377\000A\000n\000e\000x\000o\000s}{}% 36
\BOOKMARK [1][-]{section.5}{\376\377\000A\000n\000e\000x\000o\000s}{}% 37
